{"meta": {"format": 3, "version": "7.16.1", "timestamp": "2026-09-23T17:34:19.758073", "branch_coverage": false, "show_contexts": false}, "files": {"/private/var/folders/9v/tnc_k0yj4b7gvq_rhc03405m0000gn/T/moneygraph-isolated-l9_3_buc/app/src/moneygraph/__init__.py": {"executed_lines": [2], "summary": {"covered_lines": 1, "num_statements": 1, "percent_covered": 100.0, "percent_covered_display": "100", "missing_lines": 0, "excluded_lines": 0, "percent_statements_covered": 100.0, "percent_statements_covered_display": "100"}, "missing_lines": [], "excluded_lines": [], "functions": {"": {"executed_lines": [2], "summary": {"covered_lines": 1, "num_statements": 1, "percent_covered": 100.0, "percent_covered_display": "100", "missing_lines": 0, "excluded_lines": 0, "percent_statements_covered": 100.0, "percent_statements_covered_display": "100"}, "missing_lines": [], "excluded_lines": [], "start_line": 1}}, "classes": {"": {"executed_lines": [2], "summary": {"covered_lines": 1, "num_statements": 1, "percent_covered": 100.0, "percent_covered_display": "100", "missing_lines": 0, "excluded_lines": 0, "percent_statements_covered": 100.0, "percent_statements_covered_display": "100"}, "missing_lines": [], "excluded_lines": [], "start_line": 1}}}, "/private/var/folders/9v/tnc_k0yj4b7gvq_rhc03405m0000gn/T/moneygraph-isolated-l9_3_buc/app/src/moneygraph/clusters.py": {"executed_lines": [7, 9, 10, 12, 15, 16, 17, 18, 19, 20, 21, 23, 25, 26, 27, 28, 30, 32, 34, 35, 36, 37, 39, 40, 52, 54], "summary": {"covered_lines": 26, "num_statements": 26, "percent_covered": 100.0, "percent_covered_display": "100", "missing_lines": 0, "excluded_lines": 0, "percent_statements_covered": 100.0, "percent_statements_covered_display": "100"}, "missing_lines": [], "excluded_lines": [], "functions": {"assign": {"executed_lines": [16, 17, 18, 19, 20, 21, 23, 25, 26, 27, 28, 30, 32, 34, 35, 36, 37, 39, 40, 52, 54], "summary": {"covered_lines": 21, "num_statements": 21, "percent_covered": 100.0, "percent_covered_display": "100", "missing_lines": 0, "excluded_lines": 0, "percent_statements_covered": 100.0, "percent_statements_covered_display": "100"}, "missing_lines": [], "excluded_lines": [], "start_line": 15}, "": {"executed_lines": [7, 9, 10, 12, 15], "summary": {"covered_lines": 5, "num_statements": 5, "percent_covered": 100.0, "percent_covered_display": "100", "missing_lines": 0, "excluded_lines": 0, "percent_statements_covered": 100.0, "percent_statements_covered_display": "100"}, "missing_lines": [], "excluded_lines": [], "start_line": 1}}, "classes": {"": {"executed_lines": [7, 9, 10, 12, 15, 16, 17, 18, 19, 20, 21, 23, 25, 26, 27, 28, 30, 32, 34, 35, 36, 37, 39, 40, 52, 54], "summary": {"covered_lines": 26, "num_statements": 26, "percent_covered": 100.0, "percent_covered_display": "100", "missing_lines": 0, "excluded_lines": 0, "percent_statements_covered": 100.0, "percent_statements_covered_display": "100"}, "missing_lines": [], "excluded_lines": [], "start_line": 1}}}, "/private/var/folders/9v/tnc_k0yj4b7gvq_rhc03405m0000gn/T/moneygraph-isolated-l9_3_buc/app/src/moneygraph/completeness.py": {"executed_lines": [19, 21, 22, 24, 25, 26, 29, 33, 44, 56, 66, 69, 72, 77, 81, 90, 91, 94, 99, 100, 102, 103, 104, 105, 106, 107, 109, 111, 113, 114, 115, 118, 125, 126, 130, 134, 135, 137, 140, 148, 149, 150, 152, 153, 154, 155, 156, 158, 159, 160, 161, 162, 164, 166, 167, 168, 169, 170, 171, 172, 173, 174, 175, 176, 177, 179, 180, 181, 182, 183, 185, 186, 187, 188, 192, 193, 194, 197, 198, 199, 200, 201, 204, 205, 206, 207, 208, 211, 212, 214, 216, 217, 218, 219, 221, 223, 225, 226, 228, 230, 235, 238, 239, 242, 243, 244, 246, 247, 249, 250, 252, 253, 255, 257, 258, 259, 263, 265, 266, 269, 271, 274, 275, 276, 280, 281, 282, 284, 293, 294, 295, 296, 297, 300, 301, 302, 303, 306, 307, 308, 309, 310, 316, 317, 318, 319, 320, 321, 322, 323, 325, 326, 328, 329, 330, 331, 332, 333, 335, 336, 337, 338, 339, 340, 341, 342, 347, 351, 352, 353, 354, 357, 358, 359, 360, 362, 363, 366, 368, 376, 378, 381, 389, 390, 391, 395, 396, 397, 398, 399, 403, 405, 407, 408, 409, 410, 411, 413, 477, 478, 481, 483, 484, 485, 486, 487], "summary": {"covered_lines": 206, "num_statements": 213, "percent_covered": 96.71361502347418, "percent_covered_display": "97", "missing_lines": 7, "excluded_lines": 0, "percent_statements_covered": 96.71361502347418, "percent_statements_covered_display": "97"}, "missing_lines": [127, 128, 129, 131, 132, 133, 136], "excluded_lines": [], "functions": {"build": {"executed_lines": [99, 100, 102, 103, 104, 105, 106, 107, 109, 111, 113, 114, 115], "summary": {"covered_lines": 13, "num_statements": 13, "percent_covered": 100.0, "percent_covered_display": "100", "missing_lines": 0, "excluded_lines": 0, "percent_statements_covered": 100.0, "percent_statements_covered_display": "100"}, "missing_lines": [], "excluded_lines": [], "start_line": 94}, "_assemble": {"executed_lines": [125, 126, 130, 134, 135, 137], "summary": {"covered_lines": 6, "num_statements": 13, "percent_covered": 46.15384615384615, "percent_covered_display": "46", "missing_lines": 7, "excluded_lines": 0, "percent_statements_covered": 46.15384615384615, "percent_statements_covered_display": "46"}, "missing_lines": [127, 128, 129, 131, 132, 133, 136], "excluded_lines": [], "start_line": 118}, "_reachability": {"executed_lines": [148, 149, 150, 152, 153, 154, 155, 156, 158, 159, 160, 161, 162, 164, 166, 167, 168, 169, 170, 171, 172, 173, 174, 175, 176, 177, 179, 180, 181, 182, 183, 185, 186, 187, 188, 192, 193, 194], "summary": {"covered_lines": 38, "num_statements": 38, "percent_covered": 100.0, "percent_covered_display": "100", "missing_lines": 0, "excluded_lines": 0, "percent_statements_covered": 100.0, "percent_statements_covered_display": "100"}, "missing_lines": [], "excluded_lines": [], "start_line": 140}, "_state": {"executed_lines": [198, 199, 200, 201, 204, 205, 206, 207, 208], "summary": {"covered_lines": 9, "num_statements": 9, "percent_covered": 100.0, "percent_covered_display": "100", "missing_lines": 0, "excluded_lines": 0, "percent_statements_covered": 100.0, "percent_statements_covered_display": "100"}, "missing_lines": [], "excluded_lines": [], "start_line": 197}, "_confidence": {"executed_lines": [212, 214, 216, 217, 218, 219, 221, 223, 225, 226, 228, 230, 235], "summary": {"covered_lines": 13, "num_statements": 13, "percent_covered": 100.0, "percent_covered_display": "100", "missing_lines": 0, "excluded_lines": 0, "percent_statements_covered": 100.0, "percent_statements_covered_display": "100"}, "missing_lines": [], "excluded_lines": [], "start_line": 211}, "_payers": {"executed_lines": [239], "summary": {"covered_lines": 1, "num_statements": 1, "percent_covered": 100.0, "percent_covered_display": "100", "missing_lines": 0, "excluded_lines": 0, "percent_statements_covered": 100.0, "percent_statements_covered_display": "100"}, "missing_lines": [], "excluded_lines": [], "start_line": 238}, "_limitation": {"executed_lines": [243, 244, 246, 247, 249, 250, 252, 253, 255, 257, 258, 259, 263, 265, 266, 269, 271], "summary": {"covered_lines": 17, "num_statements": 17, "percent_covered": 100.0, "percent_covered_display": "100", "missing_lines": 0, "excluded_lines": 0, "percent_statements_covered": 100.0, "percent_statements_covered_display": "100"}, "missing_lines": [], "excluded_lines": [], "start_line": 242}, "_summary": {"executed_lines": [275, 276, 280, 281, 282, 284, 293, 294, 295, 296, 297, 300, 301, 302, 303, 306, 307, 308, 309, 310, 316, 317, 318, 319, 320, 321, 322, 323, 325, 326, 328, 329, 330, 331, 332, 333, 335, 336, 337, 338, 339, 340, 341, 342, 347, 351, 352, 353, 354, 357, 358, 359, 360, 362, 363], "summary": {"covered_lines": 55, "num_statements": 55, "percent_covered": 100.0, "percent_covered_display": "100", "missing_lines": 0, "excluded_lines": 0, "percent_statements_covered": 100.0, "percent_statements_covered_display": "100"}, "missing_lines": [], "excluded_lines": [], "start_line": 274}, "_ground_truth_check": {"executed_lines": [368, 376, 378], "summary": {"covered_lines": 3, "num_statements": 3, "percent_covered": 100.0, "percent_covered_display": "100", "missing_lines": 0, "excluded_lines": 0, "percent_statements_covered": 100.0, "percent_statements_covered_display": "100"}, "missing_lines": [], "excluded_lines": [], "start_line": 366}, "_next_data_request": {"executed_lines": [389, 390, 391, 395, 396, 397, 398, 399, 403, 405, 407, 408, 409, 410, 411, 413, 477, 478, 481, 483, 484, 485, 486, 487], "summary": {"covered_lines": 24, "num_statements": 24, "percent_covered": 100.0, "percent_covered_display": "100", "missing_lines": 0, "excluded_lines": 0, "percent_statements_covered": 100.0, "percent_statements_covered_display": "100"}, "missing_lines": [], "excluded_lines": [], "start_line": 381}, "": {"executed_lines": [19, 21, 22, 24, 25, 26, 29, 33, 44, 56, 66, 69, 72, 77, 81, 90, 91, 94, 118, 140, 197, 211, 238, 242, 274, 366, 381], "summary": {"covered_lines": 27, "num_statements": 27, "percent_covered": 100.0, "percent_covered_display": "100", "missing_lines": 0, "excluded_lines": 0, "percent_statements_covered": 100.0, "percent_statements_covered_display": "100"}, "missing_lines": [], "excluded_lines": [], "start_line": 1}}, "classes": {"": {"executed_lines": [19, 21, 22, 24, 25, 26, 29, 33, 44, 56, 66, 69, 72, 77, 81, 90, 91, 94, 99, 100, 102, 103, 104, 105, 106, 107, 109, 111, 113, 114, 115, 118, 125, 126, 130, 134, 135, 137, 140, 148, 149, 150, 152, 153, 154, 155, 156, 158, 159, 160, 161, 162, 164, 166, 167, 168, 169, 170, 171, 172, 173, 174, 175, 176, 177, 179, 180, 181, 182, 183, 185, 186, 187, 188, 192, 193, 194, 197, 198, 199, 200, 201, 204, 205, 206, 207, 208, 211, 212, 214, 216, 217, 218, 219, 221, 223, 225, 226, 228, 230, 235, 238, 239, 242, 243, 244, 246, 247, 249, 250, 252, 253, 255, 257, 258, 259, 263, 265, 266, 269, 271, 274, 275, 276, 280, 281, 282, 284, 293, 294, 295, 296, 297, 300, 301, 302, 303, 306, 307, 308, 309, 310, 316, 317, 318, 319, 320, 321, 322, 323, 325, 326, 328, 329, 330, 331, 332, 333, 335, 336, 337, 338, 339, 340, 341, 342, 347, 351, 352, 353, 354, 357, 358, 359, 360, 362, 363, 366, 368, 376, 378, 381, 389, 390, 391, 395, 396, 397, 398, 399, 403, 405, 407, 408, 409, 410, 411, 413, 477, 478, 481, 483, 484, 485, 486, 487], "summary": {"covered_lines": 206, "num_statements": 213, "percent_covered": 96.71361502347418, "percent_covered_display": "97", "missing_lines": 7, "excluded_lines": 0, "percent_statements_covered": 96.71361502347418, "percent_statements_covered_display": "97"}, "missing_lines": [127, 128, 129, 131, 132, 133, 136], "excluded_lines": [], "start_line": 1}}}, "/private/var/folders/9v/tnc_k0yj4b7gvq_rhc03405m0000gn/T/moneygraph-isolated-l9_3_buc/app/src/moneygraph/dataio.py": {"executed_lines": [6, 8, 9, 11, 12, 15, 16, 17, 18, 19, 20, 22, 23, 24, 27, 28, 29, 30, 31, 33, 37, 38, 39, 40, 42, 45, 47, 48, 49, 50, 51, 53, 54, 55, 57, 58, 60], "summary": {"covered_lines": 37, "num_statements": 37, "percent_covered": 100.0, "percent_covered_display": "100", "missing_lines": 0, "excluded_lines": 0, "percent_statements_covered": 100.0, "percent_statements_covered_display": "100"}, "missing_lines": [], "excluded_lines": [], "functions": {"Dataset.seeds": {"executed_lines": [24], "summary": {"covered_lines": 1, "num_statements": 1, "percent_covered": 100.0, "percent_covered_display": "100", "missing_lines": 0, "excluded_lines": 0, "percent_statements_covered": 100.0, "percent_statements_covered_display": "100"}, "missing_lines": [], "excluded_lines": [], "start_line": 23}, "load": {"executed_lines": [28, 29, 30, 31, 33, 37, 38, 39, 40, 42], "summary": {"covered_lines": 10, "num_statements": 10, "percent_covered": 100.0, "percent_covered_display": "100", "missing_lines": 0, "excluded_lines": 0, "percent_statements_covered": 100.0, "percent_statements_covered_display": "100"}, "missing_lines": [], "excluded_lines": [], "start_line": 27}, "integrity_report": {"executed_lines": [47, 48, 49, 50, 51, 53, 54, 55, 57, 58, 60], "summary": {"covered_lines": 11, "num_statements": 11, "percent_covered": 100.0, "percent_covered_display": "100", "missing_lines": 0, "excluded_lines": 0, "percent_statements_covered": 100.0, "percent_statements_covered_display": "100"}, "missing_lines": [], "excluded_lines": [], "start_line": 45}, "": {"executed_lines": [6, 8, 9, 11, 12, 15, 16, 17, 18, 19, 20, 22, 23, 27, 45], "summary": {"covered_lines": 15, "num_statements": 15, "percent_covered": 100.0, "percent_covered_display": "100", "missing_lines": 0, "excluded_lines": 0, "percent_statements_covered": 100.0, "percent_statements_covered_display": "100"}, "missing_lines": [], "excluded_lines": [], "start_line": 1}}, "classes": {"Dataset": {"executed_lines": [24], "summary": {"covered_lines": 1, "num_statements": 1, "percent_covered": 100.0, "percent_covered_display": "100", "missing_lines": 0, "excluded_lines": 0, "percent_statements_covered": 100.0, "percent_statements_covered_display": "100"}, "missing_lines": [], "excluded_lines": [], "start_line": 16}, "": {"executed_lines": [6, 8, 9, 11, 12, 15, 16, 17, 18, 19, 20, 22, 23, 27, 28, 29, 30, 31, 33, 37, 38, 39, 40, 42, 45, 47, 48, 49, 50, 51, 53, 54, 55, 57, 58, 60], "summary": {"covered_lines": 36, "num_statements": 36, "percent_covered": 100.0, "percent_covered_display": "100", "missing_lines": 0, "excluded_lines": 0, "percent_statements_covered": 100.0, "percent_statements_covered_display": "100"}, "missing_lines": [], "excluded_lines": [], "start_line": 1}}}, "/private/var/folders/9v/tnc_k0yj4b7gvq_rhc03405m0000gn/T/moneygraph-isolated-l9_3_buc/app/src/moneygraph/echoes.py": {"executed_lines": [24, 26, 28, 30, 33, 47, 49, 53, 54, 57, 58, 61, 62, 65, 66, 69, 70, 72, 73, 76, 79, 80, 81, 82, 83, 84, 85, 86, 87, 88, 89, 90, 93, 96, 97, 98, 99, 100, 101, 102, 105, 107, 108, 109, 110, 111, 113, 114, 115, 116, 120, 121, 122, 123, 126, 127, 128, 129, 130, 131, 132, 133, 134, 135, 136, 137, 138, 139, 140, 141, 142, 151, 154, 158, 159, 160, 163, 164, 165, 166, 167, 168, 169, 170, 171, 172, 173, 174, 175, 176, 177, 178, 187, 192, 195, 196, 197, 198, 199, 200, 201, 209, 212, 213, 214, 215, 216, 218, 219, 220, 221, 222, 225, 226, 227, 228, 229, 230, 231, 234, 241, 242, 243, 244, 245, 246, 247, 248, 249, 250, 251, 252, 253, 254, 255, 256, 257, 258, 261, 263, 264, 265, 266, 267, 268, 269, 270, 271, 272], "summary": {"covered_lines": 149, "num_statements": 150, "percent_covered": 99.33333333333333, "percent_covered_display": "99", "missing_lines": 1, "excluded_lines": 0, "percent_statements_covered": 99.33333333333333, "percent_statements_covered_display": "99"}, "missing_lines": [71], "excluded_lines": [], "functions": {"_short": {"executed_lines": [54], "summary": {"covered_lines": 1, "num_statements": 1, "percent_covered": 100.0, "percent_covered_display": "100", "missing_lines": 0, "excluded_lines": 0, "percent_statements_covered": 100.0, "percent_statements_covered_display": "100"}, "missing_lines": [], "excluded_lines": [], "start_line": 53}, "_kzt": {"executed_lines": [58], "summary": {"covered_lines": 1, "num_statements": 1, "percent_covered": 100.0, "percent_covered_display": "100", "missing_lines": 0, "excluded_lines": 0, "percent_statements_covered": 100.0, "percent_statements_covered_display": "100"}, "missing_lines": [], "excluded_lines": [], "start_line": 57}, "_within": {"executed_lines": [62], "summary": {"covered_lines": 1, "num_statements": 1, "percent_covered": 100.0, "percent_covered_display": "100", "missing_lines": 0, "excluded_lines": 0, "percent_statements_covered": 100.0, "percent_statements_covered_display": "100"}, "missing_lines": [], "excluded_lines": [], "start_line": 61}, "_match": {"executed_lines": [66], "summary": {"covered_lines": 1, "num_statements": 1, "percent_covered": 100.0, "percent_covered_display": "100", "missing_lines": 0, "excluded_lines": 0, "percent_statements_covered": 100.0, "percent_statements_covered_display": "100"}, "missing_lines": [], "excluded_lines": [], "start_line": 65}, "_exactness": {"executed_lines": [70, 72, 73], "summary": {"covered_lines": 3, "num_statements": 4, "percent_covered": 75.0, "percent_covered_display": "75", "missing_lines": 1, "excluded_lines": 0, "percent_statements_covered": 75.0, "percent_statements_covered_display": "75"}, "missing_lines": [71], "excluded_lines": [], "start_line": 69}, "_subset_matching": {"executed_lines": [79, 80, 81, 82, 83, 84, 85, 86, 87, 88, 89, 90], "summary": {"covered_lines": 12, "num_statements": 12, "percent_covered": 100.0, "percent_covered_display": "100", "missing_lines": 0, "excluded_lines": 0, "percent_statements_covered": 100.0, "percent_statements_covered_display": "100"}, "missing_lines": [], "excluded_lines": [], "start_line": 76}, "build": {"executed_lines": [96, 97, 98, 99, 100, 101, 102, 105, 107, 108, 109, 110, 111, 113, 114, 115, 116, 120, 121, 122, 123, 126, 127, 128, 129, 130, 131, 132, 133, 134, 135, 136, 137, 138, 139, 140, 141, 142, 151, 154, 158, 159, 160, 163, 164, 165, 166, 167, 168, 169, 170, 171, 172, 173, 174, 175, 176, 177, 178, 187, 192, 195, 196, 197, 198, 199, 200, 201, 209, 212, 213, 214, 215, 216, 218, 219, 220, 221, 222, 225, 226, 227, 228, 229, 230, 231], "summary": {"covered_lines": 86, "num_statements": 86, "percent_covered": 100.0, "percent_covered_display": "100", "missing_lines": 0, "excluded_lines": 0, "percent_statements_covered": 100.0, "percent_statements_covered_display": "100"}, "missing_lines": [], "excluded_lines": [], "start_line": 93}, "legs": {"executed_lines": [241, 242, 243, 244, 245, 246, 247, 248, 249, 250, 251, 252, 253, 254, 255, 256, 257, 258], "summary": {"covered_lines": 18, "num_statements": 18, "percent_covered": 100.0, "percent_covered_display": "100", "missing_lines": 0, "excluded_lines": 0, "percent_statements_covered": 100.0, "percent_statements_covered_display": "100"}, "missing_lines": [], "excluded_lines": [], "start_line": 234}, "records": {"executed_lines": [263, 264, 265, 266, 267, 268, 269, 270, 271, 272], "summary": {"covered_lines": 10, "num_statements": 10, "percent_covered": 100.0, "percent_covered_display": "100", "missing_lines": 0, "excluded_lines": 0, "percent_statements_covered": 100.0, "percent_statements_covered_display": "100"}, "missing_lines": [], "excluded_lines": [], "start_line": 261}, "": {"executed_lines": [24, 26, 28, 30, 33, 47, 49, 53, 57, 61, 65, 69, 76, 93, 234, 261], "summary": {"covered_lines": 16, "num_statements": 16, "percent_covered": 100.0, "percent_covered_display": "100", "missing_lines": 0, "excluded_lines": 0, "percent_statements_covered": 100.0, "percent_statements_covered_display": "100"}, "missing_lines": [], "excluded_lines": [], "start_line": 1}}, "classes": {"": {"executed_lines": [24, 26, 28, 30, 33, 47, 49, 53, 54, 57, 58, 61, 62, 65, 66, 69, 70, 72, 73, 76, 79, 80, 81, 82, 83, 84, 85, 86, 87, 88, 89, 90, 93, 96, 97, 98, 99, 100, 101, 102, 105, 107, 108, 109, 110, 111, 113, 114, 115, 116, 120, 121, 122, 123, 126, 127, 128, 129, 130, 131, 132, 133, 134, 135, 136, 137, 138, 139, 140, 141, 142, 151, 154, 158, 159, 160, 163, 164, 165, 166, 167, 168, 169, 170, 171, 172, 173, 174, 175, 176, 177, 178, 187, 192, 195, 196, 197, 198, 199, 200, 201, 209, 212, 213, 214, 215, 216, 218, 219, 220, 221, 222, 225, 226, 227, 228, 229, 230, 231, 234, 241, 242, 243, 244, 245, 246, 247, 248, 249, 250, 251, 252, 253, 254, 255, 256, 257, 258, 261, 263, 264, 265, 266, 267, 268, 269, 270, 271, 272], "summary": {"covered_lines": 149, "num_statements": 150, "percent_covered": 99.33333333333333, "percent_covered_display": "99", "missing_lines": 1, "excluded_lines": 0, "percent_statements_covered": 99.33333333333333, "percent_statements_covered_display": "99"}, "missing_lines": [71], "excluded_lines": [], "start_line": 1}}}, "/private/var/folders/9v/tnc_k0yj4b7gvq_rhc03405m0000gn/T/moneygraph-isolated-l9_3_buc/app/src/moneygraph/exhibits.py": {"executed_lines": [8, 10, 13, 14, 15, 16, 17, 20, 21, 23], "summary": {"covered_lines": 10, "num_statements": 10, "percent_covered": 100.0, "percent_covered_display": "100", "missing_lines": 0, "excluded_lines": 0, "percent_statements_covered": 100.0, "percent_statements_covered_display": "100"}, "missing_lines": [], "excluded_lines": [], "functions": {"pagerank_vs_evidence": {"executed_lines": [14, 15, 16, 17, 20, 21, 23], "summary": {"covered_lines": 7, "num_statements": 7, "percent_covered": 100.0, "percent_covered_display": "100", "missing_lines": 0, "excluded_lines": 0, "percent_statements_covered": 100.0, "percent_statements_covered_display": "100"}, "missing_lines": [], "excluded_lines": [], "start_line": 13}, "": {"executed_lines": [8, 10, 13], "summary": {"covered_lines": 3, "num_statements": 3, "percent_covered": 100.0, "percent_covered_display": "100", "missing_lines": 0, "excluded_lines": 0, "percent_statements_covered": 100.0, "percent_statements_covered_display": "100"}, "missing_lines": [], "excluded_lines": [], "start_line": 1}}, "classes": {"": {"executed_lines": [8, 10, 13, 14, 15, 16, 17, 20, 21, 23], "summary": {"covered_lines": 10, "num_statements": 10, "percent_covered": 100.0, "percent_covered_display": "100", "missing_lines": 0, "excluded_lines": 0, "percent_statements_covered": 100.0, "percent_statements_covered_display": "100"}, "missing_lines": [], "excluded_lines": [], "start_line": 1}}}, "/private/var/folders/9v/tnc_k0yj4b7gvq_rhc03405m0000gn/T/moneygraph-isolated-l9_3_buc/app/src/moneygraph/features.py": {"executed_lines": [2, 4, 5, 6, 8, 11, 12, 13, 15, 16, 18, 19, 20, 21, 22, 23, 24, 34, 35, 39, 40, 42, 46, 47, 48, 50, 51, 54, 56, 57, 58, 59, 60, 61], "summary": {"covered_lines": 34, "num_statements": 34, "percent_covered": 100.0, "percent_covered_display": "100", "missing_lines": 0, "excluded_lines": 0, "percent_statements_covered": 100.0, "percent_statements_covered_display": "100"}, "missing_lines": [], "excluded_lines": [], "functions": {"build": {"executed_lines": [12, 13, 15, 18, 19, 20, 21, 22, 23, 24, 34, 35, 39, 40, 42, 46, 47, 48, 50, 51], "summary": {"covered_lines": 20, "num_statements": 20, "percent_covered": 100.0, "percent_covered_display": "100", "missing_lines": 0, "excluded_lines": 0, "percent_statements_covered": 100.0, "percent_statements_covered_display": "100"}, "missing_lines": [], "excluded_lines": [], "start_line": 11}, "build.m": {"executed_lines": [16], "summary": {"covered_lines": 1, "num_statements": 1, "percent_covered": 100.0, "percent_covered_display": "100", "missing_lines": 0, "excluded_lines": 0, "percent_statements_covered": 100.0, "percent_statements_covered_display": "100"}, "missing_lines": [], "excluded_lines": [], "start_line": 15}, "_dwell": {"executed_lines": [56, 57, 58, 59, 60, 61], "summary": {"covered_lines": 6, "num_statements": 6, "percent_covered": 100.0, "percent_covered_display": "100", "missing_lines": 0, "excluded_lines": 0, "percent_statements_covered": 100.0, "percent_statements_covered_display": "100"}, "missing_lines": [], "excluded_lines": [], "start_line": 54}, "": {"executed_lines": [2, 4, 5, 6, 8, 11, 54], "summary": {"covered_lines": 7, "num_statements": 7, "percent_covered": 100.0, "percent_covered_display": "100", "missing_lines": 0, "excluded_lines": 0, "percent_statements_covered": 100.0, "percent_statements_covered_display": "100"}, "missing_lines": [], "excluded_lines": [], "start_line": 1}}, "classes": {"": {"executed_lines": [2, 4, 5, 6, 8, 11, 12, 13, 15, 16, 18, 19, 20, 21, 22, 23, 24, 34, 35, 39, 40, 42, 46, 47, 48, 50, 51, 54, 56, 57, 58, 59, 60, 61], "summary": {"covered_lines": 34, "num_statements": 34, "percent_covered": 100.0, "percent_covered_display": "100", "missing_lines": 0, "excluded_lines": 0, "percent_statements_covered": 100.0, "percent_statements_covered_display": "100"}, "missing_lines": [], "excluded_lines": [], "start_line": 1}}}, "/private/var/folders/9v/tnc_k0yj4b7gvq_rhc03405m0000gn/T/moneygraph-isolated-l9_3_buc/app/src/moneygraph/flows.py": {"executed_lines": [6, 8, 9, 11, 14, 20, 21, 22, 23, 24, 25, 31, 34, 36, 37, 38, 40, 41, 42, 48, 49, 50, 53, 58, 59, 60, 61, 63, 64, 65, 66, 70, 73, 78, 79, 80, 81, 82, 83, 84, 85, 91, 94, 101, 102, 103, 104, 105, 106], "summary": {"covered_lines": 49, "num_statements": 54, "percent_covered": 90.74074074074075, "percent_covered_display": "91", "missing_lines": 5, "excluded_lines": 0, "percent_statements_covered": 90.74074074074075, "percent_statements_covered_display": "91"}, "missing_lines": [39, 62, 67, 68, 69], "excluded_lines": [], "functions": {"reciprocal_pairs": {"executed_lines": [20, 21, 22, 23, 24, 25, 31], "summary": {"covered_lines": 7, "num_statements": 7, "percent_covered": 100.0, "percent_covered_display": "100", "missing_lines": 0, "excluded_lines": 0, "percent_statements_covered": 100.0, "percent_statements_covered_display": "100"}, "missing_lines": [], "excluded_lines": [], "start_line": 14}, "cycles": {"executed_lines": [36, 37, 38, 40, 41, 42, 48, 49, 50], "summary": {"covered_lines": 9, "num_statements": 10, "percent_covered": 90.0, "percent_covered_display": "90", "missing_lines": 1, "excluded_lines": 0, "percent_statements_covered": 90.0, "percent_statements_covered_display": "90"}, "missing_lines": [39], "excluded_lines": [], "start_line": 34}, "chains_from_seeds": {"executed_lines": [58, 59, 60, 61, 63, 64, 65, 66, 70], "summary": {"covered_lines": 9, "num_statements": 13, "percent_covered": 69.23076923076923, "percent_covered_display": "69", "missing_lines": 4, "excluded_lines": 0, "percent_statements_covered": 69.23076923076923, "percent_statements_covered_display": "69"}, "missing_lines": [62, 67, 68, 69], "excluded_lines": [], "start_line": 53}, "resilience": {"executed_lines": [78, 79, 80, 81, 82, 83, 84, 85, 91], "summary": {"covered_lines": 9, "num_statements": 9, "percent_covered": 100.0, "percent_covered_display": "100", "missing_lines": 0, "excluded_lines": 0, "percent_statements_covered": 100.0, "percent_statements_covered_display": "100"}, "missing_lines": [], "excluded_lines": [], "start_line": 73}, "_reachable_from_seeds": {"executed_lines": [101, 102, 103, 104, 105, 106], "summary": {"covered_lines": 6, "num_statements": 6, "percent_covered": 100.0, "percent_covered_display": "100", "missing_lines": 0, "excluded_lines": 0, "percent_statements_covered": 100.0, "percent_statements_covered_display": "100"}, "missing_lines": [], "excluded_lines": [], "start_line": 94}, "": {"executed_lines": [6, 8, 9, 11, 14, 34, 53, 73, 94], "summary": {"covered_lines": 9, "num_statements": 9, "percent_covered": 100.0, "percent_covered_display": "100", "missing_lines": 0, "excluded_lines": 0, "percent_statements_covered": 100.0, "percent_statements_covered_display": "100"}, "missing_lines": [], "excluded_lines": [], "start_line": 1}}, "classes": {"": {"executed_lines": [6, 8, 9, 11, 14, 20, 21, 22, 23, 24, 25, 31, 34, 36, 37, 38, 40, 41, 42, 48, 49, 50, 53, 58, 59, 60, 61, 63, 64, 65, 66, 70, 73, 78, 79, 80, 81, 82, 83, 84, 85, 91, 94, 101, 102, 103, 104, 105, 106], "summary": {"covered_lines": 49, "num_statements": 54, "percent_covered": 90.74074074074075, "percent_covered_display": "91", "missing_lines": 5, "excluded_lines": 0, "percent_statements_covered": 90.74074074074075, "percent_statements_covered_display": "91"}, "missing_lines": [39, 62, 67, 68, 69], "excluded_lines": [], "start_line": 1}}}, "/private/var/folders/9v/tnc_k0yj4b7gvq_rhc03405m0000gn/T/moneygraph-isolated-l9_3_buc/app/src/moneygraph/formations.py": {"executed_lines": [16, 18, 20, 21, 23, 24, 28, 54, 66, 74, 82, 87, 92, 95, 101, 102, 104, 105, 106, 107, 108, 109, 113, 114, 115, 116, 117, 118, 119, 120, 122, 123, 124, 125, 126, 127, 129, 133, 134, 136, 137, 138, 154, 156, 158, 160, 166, 168, 169, 170, 171, 172, 174, 175, 176, 177, 179, 181, 185, 193, 194, 195, 196, 197, 198, 200, 214, 215, 216, 217, 223, 225, 226, 227, 228, 229, 230, 231, 232, 233, 234, 235, 236, 237, 240, 242, 243, 244, 245, 246, 247, 248, 249, 250, 251, 253, 254, 255, 256, 257, 260, 262, 264, 265, 266, 267, 268, 269, 270, 271, 272, 273, 274, 275, 276, 277, 280, 282, 284, 285, 286, 287, 288, 289, 290, 292, 293, 295, 296, 297, 298, 299, 300, 301, 302, 305, 307, 308, 309, 310, 314, 316, 317, 318, 319, 323, 325, 326, 327, 328, 329, 330, 331, 333, 334, 335, 336, 337, 338, 340, 341, 344, 352, 353, 354, 355, 356, 357, 358, 359, 360, 363, 371, 372, 373, 374, 376, 377, 378, 382, 384, 385, 386, 388, 389, 390, 391, 392, 393, 394, 395, 396, 397, 399, 401, 402, 403, 404, 406, 409, 410, 411, 412, 413, 414, 415, 416, 422, 423, 424, 425, 427, 428, 429, 430, 431, 433, 434, 435, 436, 437, 439, 441, 464, 473, 474, 475, 476, 478, 482, 494, 495, 496, 497, 502, 503, 505, 506, 507, 508, 509, 510, 511, 512, 513, 514, 515, 516, 517, 518, 519, 520, 522, 523, 524, 525, 526, 527, 528, 529, 531, 532, 533, 534, 535, 536, 537, 538, 539, 541, 542, 543, 544, 545, 549, 550, 551, 552, 553, 554, 555, 561, 562, 564, 565, 566, 571, 579, 580, 583, 584, 585, 591, 597, 598, 599, 600, 602, 603, 606, 607, 610, 611, 614, 618, 619, 620, 622, 626, 627, 631, 634, 637, 642, 644, 645, 647, 650, 653, 658, 661, 662, 663, 664, 665, 666, 667, 673, 676, 677, 678, 679, 680, 681, 682, 683, 684, 685, 686, 687, 688, 689, 690, 693, 694, 695, 696, 697, 698, 699], "summary": {"covered_lines": 350, "num_statements": 363, "percent_covered": 96.41873278236915, "percent_covered_display": "96", "missing_lines": 13, "excluded_lines": 0, "percent_statements_covered": 96.41873278236915, "percent_statements_covered_display": "96"}, "missing_lines": [130, 173, 178, 180, 184, 188, 191, 261, 339, 379, 400, 521, 623], "excluded_lines": [], "functions": {"build": {"executed_lines": [101, 102, 104, 105, 106, 107, 108, 109, 113, 114, 115, 116, 117, 118, 119, 120, 122, 123, 124, 125, 126, 127, 129, 133, 134, 136, 137, 138, 154, 156, 158, 160], "summary": {"covered_lines": 32, "num_statements": 33, "percent_covered": 96.96969696969697, "percent_covered_display": "97", "missing_lines": 1, "excluded_lines": 0, "percent_statements_covered": 96.96969696969697, "percent_statements_covered_display": "97"}, "missing_lines": [130], "excluded_lines": [], "start_line": 95}, "_context": {"executed_lines": [168, 169, 170, 171, 172, 174, 175, 176, 177, 179, 181, 185, 193, 194, 195, 196, 197, 198, 200], "summary": {"covered_lines": 19, "num_statements": 25, "percent_covered": 76.0, "percent_covered_display": "76", "missing_lines": 6, "excluded_lines": 0, "percent_statements_covered": 76.0, "percent_statements_covered_display": "76"}, "missing_lines": [173, 178, 180, 184, 188, 191], "excluded_lines": [], "start_line": 166}, "_cand": {"executed_lines": [215, 216, 217], "summary": {"covered_lines": 3, "num_statements": 3, "percent_covered": 100.0, "percent_covered_display": "100", "missing_lines": 0, "excluded_lines": 0, "percent_statements_covered": 100.0, "percent_statements_covered_display": "100"}, "missing_lines": [], "excluded_lines": [], "start_line": 214}, "_funnels": {"executed_lines": [225, 226, 227, 228, 229, 230, 231, 232, 233, 234, 235, 236, 237], "summary": {"covered_lines": 13, "num_statements": 13, "percent_covered": 100.0, "percent_covered_display": "100", "missing_lines": 0, "excluded_lines": 0, "percent_statements_covered": 100.0, "percent_statements_covered_display": "100"}, "missing_lines": [], "excluded_lines": [], "start_line": 223}, "_chains": {"executed_lines": [242, 243, 244, 245, 246, 247, 248, 249, 250, 251, 253, 254, 255, 256, 257, 260, 262, 264, 265, 266, 267, 268, 269, 270, 271, 272, 273, 274, 275, 276, 277], "summary": {"covered_lines": 31, "num_statements": 32, "percent_covered": 96.875, "percent_covered_display": "97", "missing_lines": 1, "excluded_lines": 0, "percent_statements_covered": 96.875, "percent_statements_covered_display": "97"}, "missing_lines": [261], "excluded_lines": [], "start_line": 240}, "_runs_in": {"executed_lines": [282, 284, 292, 293, 295, 296, 297, 298, 299, 300, 301, 302], "summary": {"covered_lines": 12, "num_statements": 12, "percent_covered": 100.0, "percent_covered_display": "100", "missing_lines": 0, "excluded_lines": 0, "percent_statements_covered": 100.0, "percent_statements_covered_display": "100"}, "missing_lines": [], "excluded_lines": [], "start_line": 280}, "_runs_in.walk": {"executed_lines": [285, 286, 287, 288, 289, 290], "summary": {"covered_lines": 6, "num_statements": 6, "percent_covered": 100.0, "percent_covered_display": "100", "missing_lines": 0, "excluded_lines": 0, "percent_statements_covered": 100.0, "percent_statements_covered_display": "100"}, "missing_lines": [], "excluded_lines": [], "start_line": 284}, "_pick_upstream": {"executed_lines": [307, 308, 309, 310], "summary": {"covered_lines": 4, "num_statements": 4, "percent_covered": 100.0, "percent_covered_display": "100", "missing_lines": 0, "excluded_lines": 0, "percent_statements_covered": 100.0, "percent_statements_covered_display": "100"}, "missing_lines": [], "excluded_lines": [], "start_line": 305}, "_pick_downstream": {"executed_lines": [316, 317, 318, 319], "summary": {"covered_lines": 4, "num_statements": 4, "percent_covered": 100.0, "percent_covered_display": "100", "missing_lines": 0, "excluded_lines": 0, "percent_statements_covered": 100.0, "percent_statements_covered_display": "100"}, "missing_lines": [], "excluded_lines": [], "start_line": 314}, "_loops": {"executed_lines": [325, 326, 327, 328, 329, 330, 331, 333, 334, 335, 336, 337, 338, 340, 341], "summary": {"covered_lines": 15, "num_statements": 16, "percent_covered": 93.75, "percent_covered_display": "94", "missing_lines": 1, "excluded_lines": 0, "percent_statements_covered": 93.75, "percent_statements_covered_display": "94"}, "missing_lines": [339], "excluded_lines": [], "start_line": 323}, "_fan_outs": {"executed_lines": [352, 353, 354, 355, 356, 357, 358, 359, 360], "summary": {"covered_lines": 9, "num_statements": 9, "percent_covered": 100.0, "percent_covered_display": "100", "missing_lines": 0, "excluded_lines": 0, "percent_statements_covered": 100.0, "percent_statements_covered_display": "100"}, "missing_lines": [], "excluded_lines": [], "start_line": 344}, "_community_sizes": {"executed_lines": [371, 372, 373, 374, 376, 377, 378], "summary": {"covered_lines": 7, "num_statements": 8, "percent_covered": 87.5, "percent_covered_display": "88", "missing_lines": 1, "excluded_lines": 0, "percent_statements_covered": 87.5, "percent_statements_covered_display": "88"}, "missing_lines": [379], "excluded_lines": [], "start_line": 363}, "_bridges": {"executed_lines": [384, 385, 386, 388, 389, 390, 391, 392, 393, 394, 395, 396, 397, 399, 401, 402, 403, 404, 406], "summary": {"covered_lines": 19, "num_statements": 20, "percent_covered": 95.0, "percent_covered_display": "95", "missing_lines": 1, "excluded_lines": 0, "percent_statements_covered": 95.0, "percent_statements_covered_display": "95"}, "missing_lines": [400], "excluded_lines": [], "start_line": 382}, "_undirected": {"executed_lines": [410, 411, 412, 413, 414, 415, 416], "summary": {"covered_lines": 7, "num_statements": 7, "percent_covered": 100.0, "percent_covered_display": "100", "missing_lines": 0, "excluded_lines": 0, "percent_statements_covered": 100.0, "percent_statements_covered_display": "100"}, "missing_lines": [], "excluded_lines": [], "start_line": 409}, "_measure": {"executed_lines": [423, 424, 425, 427, 428, 429, 430, 431, 433, 434, 435, 436, 437, 439, 441], "summary": {"covered_lines": 15, "num_statements": 15, "percent_covered": 100.0, "percent_covered_display": "100", "missing_lines": 0, "excluded_lines": 0, "percent_statements_covered": 100.0, "percent_statements_covered_display": "100"}, "missing_lines": [], "excluded_lines": [], "start_line": 422}, "_receiver_split": {"executed_lines": [473, 474, 475, 476, 478], "summary": {"covered_lines": 5, "num_statements": 5, "percent_covered": 100.0, "percent_covered_display": "100", "missing_lines": 0, "excluded_lines": 0, "percent_statements_covered": 100.0, "percent_statements_covered_display": "100"}, "missing_lines": [], "excluded_lines": [], "start_line": 464}, "_breaking_point": {"executed_lines": [494, 495, 496, 497, 502, 503, 505, 506, 507, 508, 509, 510, 511, 512, 513, 514, 515, 516, 517, 518, 519, 520, 522, 523, 524, 525, 526, 527, 528, 529, 531, 532, 533, 534, 535, 536, 537, 538, 539, 541, 542, 543, 544, 545, 549, 550, 551, 552, 553, 554, 555], "summary": {"covered_lines": 51, "num_statements": 52, "percent_covered": 98.07692307692308, "percent_covered_display": "98", "missing_lines": 1, "excluded_lines": 0, "percent_statements_covered": 98.07692307692308, "percent_statements_covered_display": "98"}, "missing_lines": [521], "excluded_lines": [], "start_line": 482}, "_score": {"executed_lines": [562, 564, 571, 579, 580, 583, 584, 585], "summary": {"covered_lines": 8, "num_statements": 8, "percent_covered": 100.0, "percent_covered_display": "100", "missing_lines": 0, "excluded_lines": 0, "percent_statements_covered": 100.0, "percent_statements_covered_display": "100"}, "missing_lines": [], "excluded_lines": [], "start_line": 561}, "_score.norm": {"executed_lines": [565, 566], "summary": {"covered_lines": 2, "num_statements": 2, "percent_covered": 100.0, "percent_covered_display": "100", "missing_lines": 0, "excluded_lines": 0, "percent_statements_covered": 100.0, "percent_statements_covered_display": "100"}, "missing_lines": [], "excluded_lines": [], "start_line": 564}, "_hypothesis": {"executed_lines": [597, 598, 599, 600, 602, 603, 606, 607, 610, 611, 614, 618, 619, 620, 622, 626, 627, 631, 634, 637], "summary": {"covered_lines": 20, "num_statements": 21, "percent_covered": 95.23809523809524, "percent_covered_display": "95", "missing_lines": 1, "excluded_lines": 0, "percent_statements_covered": 95.23809523809524, "percent_statements_covered_display": "95"}, "missing_lines": [623], "excluded_lines": [], "start_line": 591}, "_evidence": {"executed_lines": [644, 645, 647, 650, 653, 658], "summary": {"covered_lines": 6, "num_statements": 6, "percent_covered": 100.0, "percent_covered_display": "100", "missing_lines": 0, "excluded_lines": 0, "percent_statements_covered": 100.0, "percent_statements_covered_display": "100"}, "missing_lines": [], "excluded_lines": [], "start_line": 642}, "_membership": {"executed_lines": [662, 663, 664, 665, 666, 667, 673], "summary": {"covered_lines": 7, "num_statements": 7, "percent_covered": 100.0, "percent_covered_display": "100", "missing_lines": 0, "excluded_lines": 0, "percent_statements_covered": 100.0, "percent_statements_covered_display": "100"}, "missing_lines": [], "excluded_lines": [], "start_line": 661}, "_member_role": {"executed_lines": [677, 678, 679, 680, 681, 682, 683, 684, 685, 686, 687, 688, 689, 690], "summary": {"covered_lines": 14, "num_statements": 14, "percent_covered": 100.0, "percent_covered_display": "100", "missing_lines": 0, "excluded_lines": 0, "percent_statements_covered": 100.0, "percent_statements_covered_display": "100"}, "missing_lines": [], "excluded_lines": [], "start_line": 676}, "_member_evidence": {"executed_lines": [694, 695, 696, 697, 698, 699], "summary": {"covered_lines": 6, "num_statements": 6, "percent_covered": 100.0, "percent_covered_display": "100", "missing_lines": 0, "excluded_lines": 0, "percent_statements_covered": 100.0, "percent_statements_covered_display": "100"}, "missing_lines": [], "excluded_lines": [], "start_line": 693}, "": {"executed_lines": [16, 18, 20, 21, 23, 24, 28, 54, 66, 74, 82, 87, 92, 95, 166, 214, 223, 240, 280, 305, 314, 323, 344, 363, 382, 409, 422, 464, 482, 561, 591, 642, 661, 676, 693], "summary": {"covered_lines": 35, "num_statements": 35, "percent_covered": 100.0, "percent_covered_display": "100", "missing_lines": 0, "excluded_lines": 0, "percent_statements_covered": 100.0, "percent_statements_covered_display": "100"}, "missing_lines": [], "excluded_lines": [], "start_line": 1}}, "classes": {"": {"executed_lines": [16, 18, 20, 21, 23, 24, 28, 54, 66, 74, 82, 87, 92, 95, 101, 102, 104, 105, 106, 107, 108, 109, 113, 114, 115, 116, 117, 118, 119, 120, 122, 123, 124, 125, 126, 127, 129, 133, 134, 136, 137, 138, 154, 156, 158, 160, 166, 168, 169, 170, 171, 172, 174, 175, 176, 177, 179, 181, 185, 193, 194, 195, 196, 197, 198, 200, 214, 215, 216, 217, 223, 225, 226, 227, 228, 229, 230, 231, 232, 233, 234, 235, 236, 237, 240, 242, 243, 244, 245, 246, 247, 248, 249, 250, 251, 253, 254, 255, 256, 257, 260, 262, 264, 265, 266, 267, 268, 269, 270, 271, 272, 273, 274, 275, 276, 277, 280, 282, 284, 285, 286, 287, 288, 289, 290, 292, 293, 295, 296, 297, 298, 299, 300, 301, 302, 305, 307, 308, 309, 310, 314, 316, 317, 318, 319, 323, 325, 326, 327, 328, 329, 330, 331, 333, 334, 335, 336, 337, 338, 340, 341, 344, 352, 353, 354, 355, 356, 357, 358, 359, 360, 363, 371, 372, 373, 374, 376, 377, 378, 382, 384, 385, 386, 388, 389, 390, 391, 392, 393, 394, 395, 396, 397, 399, 401, 402, 403, 404, 406, 409, 410, 411, 412, 413, 414, 415, 416, 422, 423, 424, 425, 427, 428, 429, 430, 431, 433, 434, 435, 436, 437, 439, 441, 464, 473, 474, 475, 476, 478, 482, 494, 495, 496, 497, 502, 503, 505, 506, 507, 508, 509, 510, 511, 512, 513, 514, 515, 516, 517, 518, 519, 520, 522, 523, 524, 525, 526, 527, 528, 529, 531, 532, 533, 534, 535, 536, 537, 538, 539, 541, 542, 543, 544, 545, 549, 550, 551, 552, 553, 554, 555, 561, 562, 564, 565, 566, 571, 579, 580, 583, 584, 585, 591, 597, 598, 599, 600, 602, 603, 606, 607, 610, 611, 614, 618, 619, 620, 622, 626, 627, 631, 634, 637, 642, 644, 645, 647, 650, 653, 658, 661, 662, 663, 664, 665, 666, 667, 673, 676, 677, 678, 679, 680, 681, 682, 683, 684, 685, 686, 687, 688, 689, 690, 693, 694, 695, 696, 697, 698, 699], "summary": {"covered_lines": 350, "num_statements": 363, "percent_covered": 96.41873278236915, "percent_covered_display": "96", "missing_lines": 13, "excluded_lines": 0, "percent_statements_covered": 96.41873278236915, "percent_statements_covered_display": "96"}, "missing_lines": [130, 173, 178, 180, 184, 188, 191, 261, 339, 379, 400, 521, 623], "excluded_lines": [], "start_line": 1}}}, "/private/var/folders/9v/tnc_k0yj4b7gvq_rhc03405m0000gn/T/moneygraph-isolated-l9_3_buc/app/src/moneygraph/hypotheses.py": {"executed_lines": [7, 9, 12, 13, 14, 15, 16, 17, 18, 19, 20, 23, 24, 25, 26, 27, 29, 30, 31, 32, 35, 36, 37, 38, 39, 40, 41, 42, 43, 45, 46], "summary": {"covered_lines": 31, "num_statements": 31, "percent_covered": 100.0, "percent_covered_display": "100", "missing_lines": 0, "excluded_lines": 0, "percent_statements_covered": 100.0, "percent_statements_covered_display": "100"}, "missing_lines": [], "excluded_lines": [], "functions": {"describe": {"executed_lines": [13, 14, 15, 16, 17, 18, 19, 20], "summary": {"covered_lines": 8, "num_statements": 8, "percent_covered": 100.0, "percent_covered_display": "100", "missing_lines": 0, "excluded_lines": 0, "percent_statements_covered": 100.0, "percent_statements_covered_display": "100"}, "missing_lines": [], "excluded_lines": [], "start_line": 12}, "_phrase": {"executed_lines": [24, 25, 26, 27, 29, 30, 31, 32, 35, 36, 37, 38, 39, 40, 41, 42, 43, 45, 46], "summary": {"covered_lines": 19, "num_statements": 19, "percent_covered": 100.0, "percent_covered_display": "100", "missing_lines": 0, "excluded_lines": 0, "percent_statements_covered": 100.0, "percent_statements_covered_display": "100"}, "missing_lines": [], "excluded_lines": [], "start_line": 23}, "": {"executed_lines": [7, 9, 12, 23], "summary": {"covered_lines": 4, "num_statements": 4, "percent_covered": 100.0, "percent_covered_display": "100", "missing_lines": 0, "excluded_lines": 0, "percent_statements_covered": 100.0, "percent_statements_covered_display": "100"}, "missing_lines": [], "excluded_lines": [], "start_line": 1}}, "classes": {"": {"executed_lines": [7, 9, 12, 13, 14, 15, 16, 17, 18, 19, 20, 23, 24, 25, 26, 27, 29, 30, 31, 32, 35, 36, 37, 38, 39, 40, 41, 42, 43, 45, 46], "summary": {"covered_lines": 31, "num_statements": 31, "percent_covered": 100.0, "percent_covered_display": "100", "missing_lines": 0, "excluded_lines": 0, "percent_statements_covered": 100.0, "percent_statements_covered_display": "100"}, "missing_lines": [], "excluded_lines": [], "start_line": 1}}}, "/private/var/folders/9v/tnc_k0yj4b7gvq_rhc03405m0000gn/T/moneygraph-isolated-l9_3_buc/app/src/moneygraph/priority.py": {"executed_lines": [7, 9, 11, 15, 18, 19, 21, 22, 23, 25, 29, 30, 32, 33, 34, 38], "summary": {"covered_lines": 16, "num_statements": 16, "percent_covered": 100.0, "percent_covered_display": "100", "missing_lines": 0, "excluded_lines": 0, "percent_statements_covered": 100.0, "percent_statements_covered_display": "100"}, "missing_lines": [], "excluded_lines": [], "functions": {"rank": {"executed_lines": [19, 21, 25, 29, 30, 32, 33, 34, 38], "summary": {"covered_lines": 9, "num_statements": 9, "percent_covered": 100.0, "percent_covered_display": "100", "missing_lines": 0, "excluded_lines": 0, "percent_statements_covered": 100.0, "percent_statements_covered_display": "100"}, "missing_lines": [], "excluded_lines": [], "start_line": 18}, "rank.norm": {"executed_lines": [22, 23], "summary": {"covered_lines": 2, "num_statements": 2, "percent_covered": 100.0, "percent_covered_display": "100", "missing_lines": 0, "excluded_lines": 0, "percent_statements_covered": 100.0, "percent_statements_covered_display": "100"}, "missing_lines": [], "excluded_lines": [], "start_line": 21}, "": {"executed_lines": [7, 9, 11, 15, 18], "summary": {"covered_lines": 5, "num_statements": 5, "percent_covered": 100.0, "percent_covered_display": "100", "missing_lines": 0, "excluded_lines": 0, "percent_statements_covered": 100.0, "percent_statements_covered_display": "100"}, "missing_lines": [], "excluded_lines": [], "start_line": 1}}, "classes": {"": {"executed_lines": [7, 9, 11, 15, 18, 19, 21, 22, 23, 25, 29, 30, 32, 33, 34, 38], "summary": {"covered_lines": 16, "num_statements": 16, "percent_covered": 100.0, "percent_covered_display": "100", "missing_lines": 0, "excluded_lines": 0, "percent_statements_covered": 100.0, "percent_statements_covered_display": "100"}, "missing_lines": [], "excluded_lines": [], "start_line": 1}}}, "/private/var/folders/9v/tnc_k0yj4b7gvq_rhc03405m0000gn/T/moneygraph-isolated-l9_3_buc/app/src/moneygraph/roles.py": {"executed_lines": [33, 35, 37, 44, 73, 75, 76, 77, 78, 80, 81, 82, 83, 84, 85, 88, 89, 92, 93, 100, 101, 102, 108, 109, 113, 114, 118, 119, 126, 128, 130, 133, 134, 151, 152, 153, 154, 158, 161, 162, 166, 167, 171], "summary": {"covered_lines": 43, "num_statements": 43, "percent_covered": 100.0, "percent_covered_display": "100", "missing_lines": 0, "excluded_lines": 0, "percent_statements_covered": 100.0, "percent_statements_covered_display": "100"}, "missing_lines": [], "excluded_lines": [], "functions": {"assign": {"executed_lines": [75, 76, 77, 78, 80, 81, 82, 83, 84, 85], "summary": {"covered_lines": 10, "num_statements": 10, "percent_covered": 100.0, "percent_covered_display": "100", "missing_lines": 0, "excluded_lines": 0, "percent_statements_covered": 100.0, "percent_statements_covered_display": "100"}, "missing_lines": [], "excluded_lines": [], "start_line": 73}, "_payers": {"executed_lines": [89], "summary": {"covered_lines": 1, "num_statements": 1, "percent_covered": 100.0, "percent_covered_display": "100", "missing_lines": 0, "excluded_lines": 0, "percent_statements_covered": 100.0, "percent_statements_covered_display": "100"}, "missing_lines": [], "excluded_lines": [], "start_line": 88}, "_classify": {"executed_lines": [93, 100, 101, 102, 108, 109, 113, 114, 118, 119, 126, 128, 130, 133, 134, 151, 152, 153, 154, 158, 161, 162, 166, 167, 171], "summary": {"covered_lines": 25, "num_statements": 25, "percent_covered": 100.0, "percent_covered_display": "100", "missing_lines": 0, "excluded_lines": 0, "percent_statements_covered": 100.0, "percent_statements_covered_display": "100"}, "missing_lines": [], "excluded_lines": [], "start_line": 92}, "": {"executed_lines": [33, 35, 37, 44, 73, 88, 92], "summary": {"covered_lines": 7, "num_statements": 7, "percent_covered": 100.0, "percent_covered_display": "100", "missing_lines": 0, "excluded_lines": 0, "percent_statements_covered": 100.0, "percent_statements_covered_display": "100"}, "missing_lines": [], "excluded_lines": [], "start_line": 1}}, "classes": {"": {"executed_lines": [33, 35, 37, 44, 73, 75, 76, 77, 78, 80, 81, 82, 83, 84, 85, 88, 89, 92, 93, 100, 101, 102, 108, 109, 113, 114, 118, 119, 126, 128, 130, 133, 134, 151, 152, 153, 154, 158, 161, 162, 166, 167, 171], "summary": {"covered_lines": 43, "num_statements": 43, "percent_covered": 100.0, "percent_covered_display": "100", "missing_lines": 0, "excluded_lines": 0, "percent_statements_covered": 100.0, "percent_statements_covered_display": "100"}, "missing_lines": [], "excluded_lines": [], "start_line": 1}}}, "/private/var/folders/9v/tnc_k0yj4b7gvq_rhc03405m0000gn/T/moneygraph-isolated-l9_3_buc/app/src/moneygraph/serve.py": {"executed_lines": [2, 4, 5, 6, 7, 8, 9, 12, 21, 31, 32, 33, 35, 38, 39, 41, 42, 45, 46, 47, 48, 49, 50, 51, 52, 53, 54, 55, 56, 58, 59, 60, 61, 62, 63, 64, 65, 66, 67, 68, 70, 71], "summary": {"covered_lines": 42, "num_statements": 47, "percent_covered": 89.36170212765957, "percent_covered_display": "89", "missing_lines": 5, "excluded_lines": 0, "percent_statements_covered": 89.36170212765957, "percent_statements_covered_display": "89"}, "missing_lines": [14, 15, 16, 17, 18], "excluded_lines": [], "functions": {"serve": {"executed_lines": [], "summary": {"covered_lines": 0, "num_statements": 5, "percent_covered": 0.0, "percent_covered_display": "0", "missing_lines": 5, "excluded_lines": 0, "percent_statements_covered": 0.0, "percent_statements_covered_display": "0"}, "missing_lines": [14, 15, 16, 17, 18], "excluded_lines": [], "start_line": 12}, "_Handler.__init__": {"executed_lines": [32, 33], "summary": {"covered_lines": 2, "num_statements": 2, "percent_covered": 100.0, "percent_covered_display": "100", "missing_lines": 0, "excluded_lines": 0, "percent_statements_covered": 100.0, "percent_statements_covered_display": "100"}, "missing_lines": [], "excluded_lines": [], "start_line": 31}, "_Handler.end_headers": {"executed_lines": [38, 39], "summary": {"covered_lines": 2, "num_statements": 2, "percent_covered": 100.0, "percent_covered_display": "100", "missing_lines": 0, "excluded_lines": 0, "percent_statements_covered": 100.0, "percent_statements_covered_display": "100"}, "missing_lines": [], "excluded_lines": [], "start_line": 35}, "_Handler.translate_path": {"executed_lines": [42, 45, 46, 47, 48, 49, 50, 51, 52, 53, 54, 55, 56], "summary": {"covered_lines": 13, "num_statements": 13, "percent_covered": 100.0, "percent_covered_display": "100", "missing_lines": 0, "excluded_lines": 0, "percent_statements_covered": 100.0, "percent_statements_covered_display": "100"}, "missing_lines": [], "excluded_lines": [], "start_line": 41}, "_Handler.send_head": {"executed_lines": [59, 60, 61, 62, 63, 64, 65, 66, 67, 68], "summary": {"covered_lines": 10, "num_statements": 10, "percent_covered": 100.0, "percent_covered_display": "100", "missing_lines": 0, "excluded_lines": 0, "percent_statements_covered": 100.0, "percent_statements_covered_display": "100"}, "missing_lines": [], "excluded_lines": [], "start_line": 58}, "_Handler.log_message": {"executed_lines": [71], "summary": {"covered_lines": 1, "num_statements": 1, "percent_covered": 100.0, "percent_covered_display": "100", "missing_lines": 0, "excluded_lines": 0, "percent_statements_covered": 100.0, "percent_statements_covered_display": "100"}, "missing_lines": [], "excluded_lines": [], "start_line": 70}, "": {"executed_lines": [2, 4, 5, 6, 7, 8, 9, 12, 21, 31, 35, 41, 58, 70], "summary": {"covered_lines": 14, "num_statements": 14, "percent_covered": 100.0, "percent_covered_display": "100", "missing_lines": 0, "excluded_lines": 0, "percent_statements_covered": 100.0, "percent_statements_covered_display": "100"}, "missing_lines": [], "excluded_lines": [], "start_line": 1}}, "classes": {"_Handler": {"executed_lines": [32, 33, 38, 39, 42, 45, 46, 47, 48, 49, 50, 51, 52, 53, 54, 55, 56, 59, 60, 61, 62, 63, 64, 65, 66, 67, 68, 71], "summary": {"covered_lines": 28, "num_statements": 28, "percent_covered": 100.0, "percent_covered_display": "100", "missing_lines": 0, "excluded_lines": 0, "percent_statements_covered": 100.0, "percent_statements_covered_display": "100"}, "missing_lines": [], "excluded_lines": [], "start_line": 21}, "": {"executed_lines": [2, 4, 5, 6, 7, 8, 9, 12, 21, 31, 35, 41, 58, 70], "summary": {"covered_lines": 14, "num_statements": 19, "percent_covered": 73.6842105263158, "percent_covered_display": "74", "missing_lines": 5, "excluded_lines": 0, "percent_statements_covered": 73.6842105263158, "percent_statements_covered_display": "74"}, "missing_lines": [14, 15, 16, 17, 18], "excluded_lines": [], "start_line": 1}}}, "/private/var/folders/9v/tnc_k0yj4b7gvq_rhc03405m0000gn/T/moneygraph-isolated-l9_3_buc/app/src/moneygraph/timeline.py": {"executed_lines": [8, 10, 12, 15, 16, 19, 21, 22, 23, 28, 29, 30, 31, 32, 35, 41, 42, 43, 44, 45, 46, 47, 48, 49, 52, 53, 60], "summary": {"covered_lines": 27, "num_statements": 27, "percent_covered": 100.0, "percent_covered_display": "100", "missing_lines": 0, "excluded_lines": 0, "percent_statements_covered": 100.0, "percent_statements_covered_display": "100"}, "missing_lines": [], "excluded_lines": [], "functions": {"build": {"executed_lines": [21, 22, 23, 28, 29, 30, 31, 32], "summary": {"covered_lines": 8, "num_statements": 8, "percent_covered": 100.0, "percent_covered_display": "100", "missing_lines": 0, "excluded_lines": 0, "percent_statements_covered": 100.0, "percent_statements_covered_display": "100"}, "missing_lines": [], "excluded_lines": [], "start_line": 19}, "days": {"executed_lines": [41, 42, 43, 44, 45, 46, 47, 48, 49, 52, 53, 60], "summary": {"covered_lines": 12, "num_statements": 12, "percent_covered": 100.0, "percent_covered_display": "100", "missing_lines": 0, "excluded_lines": 0, "percent_statements_covered": 100.0, "percent_statements_covered_display": "100"}, "missing_lines": [], "excluded_lines": [], "start_line": 35}, "": {"executed_lines": [8, 10, 12, 15, 16, 19, 35], "summary": {"covered_lines": 7, "num_statements": 7, "percent_covered": 100.0, "percent_covered_display": "100", "missing_lines": 0, "excluded_lines": 0, "percent_statements_covered": 100.0, "percent_statements_covered_display": "100"}, "missing_lines": [], "excluded_lines": [], "start_line": 1}}, "classes": {"": {"executed_lines": [8, 10, 12, 15, 16, 19, 21, 22, 23, 28, 29, 30, 31, 32, 35, 41, 42, 43, 44, 45, 46, 47, 48, 49, 52, 53, 60], "summary": {"covered_lines": 27, "num_statements": 27, "percent_covered": 100.0, "percent_covered_display": "100", "missing_lines": 0, "excluded_lines": 0, "percent_statements_covered": 100.0, "percent_statements_covered_display": "100"}, "missing_lines": [], "excluded_lines": [], "start_line": 1}}}, "/private/var/folders/9v/tnc_k0yj4b7gvq_rhc03405m0000gn/T/moneygraph-isolated-l9_3_buc/app/src/moneygraph/viewdata.py": {"executed_lines": [14, 16, 17, 18, 20, 21, 23, 28, 35, 40, 43, 46, 47, 48, 49, 50, 53, 61, 62, 63, 64, 65, 66, 67, 68, 69, 70, 71, 72, 77, 78, 79, 80, 82, 83, 87, 89, 91, 94, 101, 105, 108, 109, 111, 112, 113, 128, 131, 158], "summary": {"covered_lines": 49, "num_statements": 52, "percent_covered": 94.23076923076923, "percent_covered_display": "94", "missing_lines": 3, "excluded_lines": 0, "percent_statements_covered": 94.23076923076923, "percent_statements_covered_display": "94"}, "missing_lines": [81, 84, 90], "excluded_lines": [], "functions": {"_stringify_gids": {"executed_lines": [46, 47, 48, 49, 50], "summary": {"covered_lines": 5, "num_statements": 5, "percent_covered": 100.0, "percent_covered_display": "100", "missing_lines": 0, "excluded_lines": 0, "percent_statements_covered": 100.0, "percent_statements_covered_display": "100"}, "missing_lines": [], "excluded_lines": [], "start_line": 43}, "_pyify": {"executed_lines": [61, 62, 63, 64, 65, 66, 67, 68, 69, 70, 71, 72, 77, 78, 79, 80, 82, 83], "summary": {"covered_lines": 18, "num_statements": 20, "percent_covered": 90.0, "percent_covered_display": "90", "missing_lines": 2, "excluded_lines": 0, "percent_statements_covered": 90.0, "percent_statements_covered_display": "90"}, "missing_lines": [81, 84], "excluded_lines": [], "start_line": 53}, "_records": {"executed_lines": [89, 91], "summary": {"covered_lines": 2, "num_statements": 3, "percent_covered": 66.66666666666667, "percent_covered_display": "67", "missing_lines": 1, "excluded_lines": 0, "percent_statements_covered": 66.66666666666667, "percent_statements_covered_display": "67"}, "missing_lines": [90], "excluded_lines": [], "start_line": 87}, "write": {"executed_lines": [101, 105, 108, 109, 111, 112, 113, 128, 131, 158], "summary": {"covered_lines": 10, "num_statements": 10, "percent_covered": 100.0, "percent_covered_display": "100", "missing_lines": 0, "excluded_lines": 0, "percent_statements_covered": 100.0, "percent_statements_covered_display": "100"}, "missing_lines": [], "excluded_lines": [], "start_line": 94}, "": {"executed_lines": [14, 16, 17, 18, 20, 21, 23, 28, 35, 40, 43, 53, 87, 94], "summary": {"covered_lines": 14, "num_statements": 14, "percent_covered": 100.0, "percent_covered_display": "100", "missing_lines": 0, "excluded_lines": 0, "percent_statements_covered": 100.0, "percent_statements_covered_display": "100"}, "missing_lines": [], "excluded_lines": [], "start_line": 1}}, "classes": {"": {"executed_lines": [14, 16, 17, 18, 20, 21, 23, 28, 35, 40, 43, 46, 47, 48, 49, 50, 53, 61, 62, 63, 64, 65, 66, 67, 68, 69, 70, 71, 72, 77, 78, 79, 80, 82, 83, 87, 89, 91, 94, 101, 105, 108, 109, 111, 112, 113, 128, 131, 158], "summary": {"covered_lines": 49, "num_statements": 52, "percent_covered": 94.23076923076923, "percent_covered_display": "94", "missing_lines": 3, "excluded_lines": 0, "percent_statements_covered": 94.23076923076923, "percent_statements_covered_display": "94"}, "missing_lines": [81, 84, 90], "excluded_lines": [], "start_line": 1}}}}, "totals": {"covered_lines": 1070, "num_statements": 1104, "percent_covered": 96.92028985507247, "percent_covered_display": "97", "missing_lines": 34, "excluded_lines": 0, "percent_statements_covered": 96.92028985507247, "percent_statements_covered_display": "97"}}